# JRE version: Java(TM) SE Runtime Environment (8.0_112-b15) (build 1.8.0_112-b15)
# Java VM: Java HotSpot(TM) 64-Bit Server VM (25.112-b15 mixed mode windows-amd64 compressed oops)
Heap:
 PSYoungGen      total 57344K, used 29131K [0x00000007bc400000, 0x00000007c0000000, 0x00000007c0000000)
  eden space 53760K, 50% used [0x00000007bc400000,0x00000007bde7acf8,0x00000007bf880000)
  from space 3584K, 56% used [0x00000007bf880000,0x00000007bfa78010,0x00000007bfc00000)
  to   space 3584K, 0% used [0x00000007bfc80000,0x00000007bfc80000,0x00000007c0000000)
 ParOldGen       total 115712K, used 66553K [0x0000000700000000, 0x0000000707100000, 0x00000007bc400000)
  object space 115712K, 57% used [0x0000000700000000,0x00000007040fe600,0x0000000707100000)
 Metaspace       used 78014K, capacity 78825K, committed 79488K, reserved 1118208K
  class space    used 10899K, capacity 11045K, committed 11136K, reserved 1048576K
GC Heap History (10 events):
Event: 38121.962 GC heap before
{Heap before GC invocations=725 (full 26):
 PSYoungGen      total 56832K, used 54336K [0x00000007bc400000, 0x00000007c0000000, 0x00000007c0000000)
  eden space 52224K, 100% used [0x00000007bc400000,0x00000007bf700000,0x00000007bf700000)
  from space 4608K, 45% used [0x00000007bfb80000,0x00000007bfd90010,0x00000007c0000000)
  to   space 4608K, 0% used [0x00000007bf700000,0x00000007bf700000,0x00000007bfb80000)
 ParOldGen       total 115712K, used 66481K [0x0000000700000000, 0x0000000707100000, 0x00000007bc400000)
  object space 115712K, 57% used [0x0000000700000000,0x00000007040ec600,0x0000000707100000)
 Metaspace       used 78009K, capacity 78825K, committed 79488K, reserved 1118208K
  class space    used 10899K, capacity 11045K, committed 11136K, reserved 1048576K
Event: 38121.968 GC heap after
Heap after GC invocations=725 (full 26):
 PSYoungGen      total 56832K, used 2080K [0x00000007bc400000, 0x00000007c0000000, 0x00000007c0000000)
  eden space 52224K, 0% used [0x00000007bc400000,0x00000007bc400000,0x00000007bf700000)
  from space 4608K, 45% used [0x00000007bf700000,0x00000007bf908010,0x00000007bfb80000)
  to   space 4096K, 0% used [0x00000007bfc00000,0x00000007bfc00000,0x00000007c0000000)
 ParOldGen       total 115712K, used 66481K [0x0000000700000000, 0x0000000707100000, 0x00000007bc400000)
  object space 115712K, 57% used [0x0000000700000000,0x00000007040ec600,0x0000000707100000)
 Metaspace       used 78009K, capacity 78825K, committed 79488K, reserved 1118208K
  class space    used 10899K, capacity 11045K, committed 11136K, reserved 1048576K
}
Event: 38134.424 GC heap before
{Heap before GC invocations=726 (full 26):
 PSYoungGen      total 56832K, used 54304K [0x00000007bc400000, 0x00000007c0000000, 0x00000007c0000000)
  eden space 52224K, 100% used [0x00000007bc400000,0x00000007bf700000,0x00000007bf700000)
  from space 4608K, 45% used [0x00000007bf700000,0x00000007bf908010,0x00000007bfb80000)
  to   space 4096K, 0% used [0x00000007bfc00000,0x00000007bfc00000,0x00000007c0000000)
 ParOldGen       total 115712K, used 66481K [0x0000000700000000, 0x0000000707100000, 0x00000007bc400000)
  object space 115712K, 57% used [0x0000000700000000,0x00000007040ec600,0x0000000707100000)
 Metaspace       used 78009K, capacity 78825K, committed 79488K, reserved 1118208K
  class space    used 10899K, capacity 11045K, committed 11136K, reserved 1048576K
Event: 38134.430 GC heap after
Heap after GC invocations=726 (full 26):
 PSYoungGen      total 57344K, used 2112K [0x00000007bc400000, 0x00000007c0000000, 0x00000007c0000000)
  eden space 53248K, 0% used [0x00000007bc400000,0x00000007bc400000,0x00000007bf800000)
  from space 4096K, 51% used [0x00000007bfc00000,0x00000007bfe10010,0x00000007c0000000)
  to   space 4096K, 0% used [0x00000007bf800000,0x00000007bf800000,0x00000007bfc00000)
 ParOldGen       total 115712K, used 66481K [0x0000000700000000, 0x0000000707100000, 0x00000007bc400000)
  object space 115712K, 57% used [0x0000000700000000,0x00000007040ec600,0x0000000707100000)
 Metaspace       used 78009K, capacity 78825K, committed 79488K, reserved 1118208K
  class space    used 10899K, capacity 11045K, committed 11136K, reserved 1048576K
}
Event: 38147.146 GC heap before
{Heap before GC invocations=727 (full 26):
 PSYoungGen      total 57344K, used 55360K [0x00000007bc400000, 0x00000007c0000000, 0x00000007c0000000)
  eden space 53248K, 100% used [0x00000007bc400000,0x00000007bf800000,0x00000007bf800000)
  from space 4096K, 51% used [0x00000007bfc00000,0x00000007bfe10010,0x00000007c0000000)
  to   space 4096K, 0% used [0x00000007bf800000,0x00000007bf800000,0x00000007bfc00000)
 ParOldGen       total 115712K, used 66481K [0x0000000700000000, 0x0000000707100000, 0x00000007bc400000)
  object space 115712K, 57% used [0x0000000700000000,0x00000007040ec600,0x0000000707100000)
 Metaspace       used 78009K, capacity 78825K, committed 79488K, reserved 1118208K
  class space    used 10899K, capacity 11045K, committed 11136K, reserved 1048576K
Event: 38147.151 GC heap after
Heap after GC invocations=727 (full 26):
 PSYoungGen      total 57344K, used 2080K [0x00000007bc400000, 0x00000007c0000000, 0x00000007c0000000)
  eden space 53248K, 0% used [0x00000007bc400000,0x00000007bc400000,0x00000007bf800000)
  from space 4096K, 50% used [0x00000007bf800000,0x00000007bfa08010,0x00000007bfc00000)
  to   space 4096K, 0% used [0x00000007bfc00000,0x00000007bfc00000,0x00000007c0000000)
 ParOldGen       total 115712K, used 66505K [0x0000000700000000, 0x0000000707100000, 0x00000007bc400000)
  object space 115712K, 57% used [0x0000000700000000,0x00000007040f2600,0x0000000707100000)
 Metaspace       used 78009K, capacity 78825K, committed 79488K, reserved 1118208K
  class space    used 10899K, capacity 11045K, committed 11136K, reserved 1048576K
}
Event: 38159.911 GC heap before
{Heap before GC invocations=728 (full 26):
 PSYoungGen      total 57344K, used 55328K [0x00000007bc400000, 0x00000007c0000000, 0x00000007c0000000)
  eden space 53248K, 100% used [0x00000007bc400000,0x00000007bf800000,0x00000007bf800000)
  from space 4096K, 50% used [0x00000007bf800000,0x00000007bfa08010,0x00000007bfc00000)
  to   space 4096K, 0% used [0x00000007bfc00000,0x00000007bfc00000,0x00000007c0000000)
 ParOldGen       total 115712K, used 66505K [0x0000000700000000, 0x0000000707100000, 0x00000007bc400000)
  object space 115712K, 57% used [0x0000000700000000,0x00000007040f2600,0x0000000707100000)
 Metaspace       used 78009K, capacity 78825K, committed 79488K, reserved 1118208K
  class space    used 10899K, capacity 11045K, committed 11136K, reserved 1048576K
Event: 38159.917 GC heap after
Heap after GC invocations=728 (full 26):
 PSYoungGen      total 57856K, used 2112K [0x00000007bc400000, 0x00000007c0000000, 0x00000007c0000000)
  eden space 53760K, 0% used [0x00000007bc400000,0x00000007bc400000,0x00000007bf880000)
  from space 4096K, 51% used [0x00000007bfc00000,0x00000007bfe10010,0x00000007c0000000)
  to   space 3584K, 0% used [0x00000007bf880000,0x00000007bf880000,0x00000007bfc00000)
 ParOldGen       total 115712K, used 66529K [0x0000000700000000, 0x0000000707100000, 0x00000007bc400000)
  object space 115712K, 57% used [0x0000000700000000,0x00000007040f8600,0x0000000707100000)
 Metaspace       used 78009K, capacity 78825K, committed 79488K, reserved 1118208K
  class space    used 10899K, capacity 11045K, committed 11136K, reserved 1048576K
}
Event: 38170.762 GC heap before
{Heap before GC invocations=729 (full 26):
 PSYoungGen      total 57856K, used 55872K [0x00000007bc400000, 0x00000007c0000000, 0x00000007c0000000)
  eden space 53760K, 100% used [0x00000007bc400000,0x00000007bf880000,0x00000007bf880000)
  from space 4096K, 51% used [0x00000007bfc00000,0x00000007bfe10010,0x00000007c0000000)
  to   space 3584K, 0% used [0x00000007bf880000,0x00000007bf880000,0x00000007bfc00000)
 ParOldGen       total 115712K, used 66529K [0x0000000700000000, 0x0000000707100000, 0x00000007bc400000)
  object space 115712K, 57% used [0x0000000700000000,0x00000007040f8600,0x0000000707100000)
 Metaspace       used 78009K, capacity 78825K, committed 79488K, reserved 1118208K
  class space    used 10899K, capacity 11045K, committed 11136K, reserved 1048576K
Event: 38170.767 GC heap after
Heap after GC invocations=729 (full 26):
 PSYoungGen      total 57344K, used 2016K [0x00000007bc400000, 0x00000007c0000000, 0x00000007c0000000)
  eden space 53760K, 0% used [0x00000007bc400000,0x00000007bc400000,0x00000007bf880000)
  from space 3584K, 56% used [0x00000007bf880000,0x00000007bfa78010,0x00000007bfc00000)
  to   space 3584K, 0% used [0x00000007bfc80000,0x00000007bfc80000,0x00000007c0000000)
 ParOldGen       total 115712K, used 66553K [0x0000000700000000, 0x0000000707100000, 0x00000007bc400000)
  object space 115712K, 57% used [0x0000000700000000,0x00000007040fe600,0x0000000707100000)
 Metaspace       used 78009K, capacity 78825K, committed 79488K, reserved 1118208K
  class space    used 10899K, capacity 11045K, committed 11136K, reserved 1048576K
}

